# JRE version: OpenJDK Runtime Environment (21.0.1+12) (build 21.0.1+12-29)
# Java VM: OpenJDK 64-Bit Server VM (21.0.1+12-29, mixed mode, sharing, tiered, compressed oops, compressed class ptrs, g1 gc, windows-amd64)
GC Precious Log:
 CardTable entry size: 512
 Card Set container configuration: InlinePtr #cards 4 size 8 Array Of Cards #cards 16 size 48 Howl #buckets 8 coarsen threshold 3686 Howl Bitmap #cards 512 size 80 coarsen threshold 460 Card regions per heap region 1 cards per card region 4096
 CPUs: 12 total, 12 available
 Memory: 16320M
 Large Page Support: Disabled
 NUMA Support: Disabled
 Compressed Oops: Enabled (Zero based)
 Heap Region Size: 2M
 Heap Min Capacity: 8M
 Heap Initial Capacity: 256M
 Heap Max Capacity: 4082M
 Pre-touch: Disabled
 Parallel Workers: 10
 Concurrent Workers: 3
 Concurrent Refinement Workers: 10
 Periodic GC: Disabled
Heap:
 garbage-first heap   total 145408K, used 67811K [0x0000000700e00000, 0x0000000800000000)
  region size 2048K, 3 young (6144K), 1 survivors (2048K)
 Metaspace       used 34822K, committed 35392K, reserved 1114112K
  class space    used 3887K, committed 4160K, reserved 1048576K
GC Heap History (20 events):
Event: 0.661 GC heap before
{Heap before GC invocations=0 (full 0):
 garbage-first heap   total 262144K, used 22528K [0x0000000700e00000, 0x0000000800000000)
  region size 2048K, 11 young (22528K), 0 survivors (0K)
 Metaspace       used 6101K, committed 6272K, reserved 1114112K
  class space    used 688K, committed 768K, reserved 1048576K
}
Event: 0.664 GC heap after
{Heap after GC invocations=1 (full 0):
 garbage-first heap   total 262144K, used 4079K [0x0000000700e00000, 0x0000000800000000)
  region size 2048K, 2 young (4096K), 2 survivors (4096K)
 Metaspace       used 6101K, committed 6272K, reserved 1114112K
  class space    used 688K, committed 768K, reserved 1048576K
}
Event: 1.210 GC heap before
{Heap before GC invocations=1 (full 0):
 garbage-first heap   total 262144K, used 36847K [0x0000000700e00000, 0x0000000800000000)
  region size 2048K, 18 young (36864K), 2 survivors (4096K)
 Metaspace       used 10560K, committed 10752K, reserved 1114112K
  class space    used 1233K, committed 1344K, reserved 1048576K
}
Event: 1.215 GC heap after
{Heap after GC invocations=2 (full 0):
 garbage-first heap   total 262144K, used 6483K [0x0000000700e00000, 0x0000000800000000)
  region size 2048K, 2 young (4096K), 2 survivors (4096K)
 Metaspace       used 10560K, committed 10752K, reserved 1114112K
  class space    used 1233K, committed 1344K, reserved 1048576K
}
Event: 3.495 GC heap before
{Heap before GC invocations=2 (full 0):
 garbage-first heap   total 262144K, used 190803K [0x0000000700e00000, 0x0000000800000000)
  region size 2048K, 76 young (155648K), 2 survivors (4096K)
 Metaspace       used 18980K, committed 19264K, reserved 1114112K
  class space    used 2094K, committed 2176K, reserved 1048576K
}
Event: 3.504 GC heap after
{Heap after GC invocations=3 (full 0):
 garbage-first heap   total 262144K, used 19935K [0x0000000700e00000, 0x0000000800000000)
  region size 2048K, 8 young (16384K), 8 survivors (16384K)
 Metaspace       used 18980K, committed 19264K, reserved 1114112K
  class space    used 2094K, committed 2176K, reserved 1048576K
}
Event: 3.848 GC heap before
{Heap before GC invocations=3 (full 0):
 garbage-first heap   total 262144K, used 30175K [0x0000000700e00000, 0x0000000800000000)
  region size 2048K, 15 young (30720K), 8 survivors (16384K)
 Metaspace       used 21209K, committed 21504K, reserved 1114112K
  class space    used 2351K, committed 2496K, reserved 1048576K
}
Event: 3.854 GC heap after
{Heap after GC invocations=4 (full 0):
 garbage-first heap   total 262144K, used 21386K [0x0000000700e00000, 0x0000000800000000)
  region size 2048K, 1 young (2048K), 1 survivors (2048K)
 Metaspace       used 21209K, committed 21504K, reserved 1114112K
  class space    used 2351K, committed 2496K, reserved 1048576K
}
Event: 4.858 GC heap before
{Heap before GC invocations=5 (full 0):
 garbage-first heap   total 81920K, used 80778K [0x0000000700e00000, 0x0000000800000000)
  region size 2048K, 28 young (57344K), 1 survivors (2048K)
 Metaspace       used 27816K, committed 28288K, reserved 1114112K
  class space    used 3107K, committed 3328K, reserved 1048576K
}
Event: 4.870 GC heap after
{Heap after GC invocations=6 (full 0):
 garbage-first heap   total 104448K, used 44419K [0x0000000700e00000, 0x0000000800000000)
  region size 2048K, 10 young (20480K), 10 survivors (20480K)
 Metaspace       used 27816K, committed 28288K, reserved 1114112K
  class space    used 3107K, committed 3328K, reserved 1048576K
}
Event: 5.517 GC heap before
{Heap before GC invocations=6 (full 0):
 garbage-first heap   total 104448K, used 73091K [0x0000000700e00000, 0x0000000800000000)
  region size 2048K, 24 young (49152K), 10 survivors (20480K)
 Metaspace       used 29433K, committed 29824K, reserved 1114112K
  class space    used 3269K, committed 3456K, reserved 1048576K
}
Event: 5.527 GC heap after
{Heap after GC invocations=7 (full 0):
 garbage-first heap   total 104448K, used 45105K [0x0000000700e00000, 0x0000000800000000)
  region size 2048K, 2 young (4096K), 2 survivors (4096K)
 Metaspace       used 29433K, committed 29824K, reserved 1114112K
  class space    used 3269K, committed 3456K, reserved 1048576K
}
Event: 6.057 GC heap before
{Heap before GC invocations=7 (full 0):
 garbage-first heap   total 104448K, used 81969K [0x0000000700e00000, 0x0000000800000000)
  region size 2048K, 21 young (43008K), 2 survivors (4096K)
 Metaspace       used 31233K, committed 31744K, reserved 1114112K
  class space    used 3465K, committed 3712K, reserved 1048576K
}
Event: 6.063 GC heap after
{Heap after GC invocations=8 (full 0):
 garbage-first heap   total 104448K, used 45440K [0x0000000700e00000, 0x0000000800000000)
  region size 2048K, 2 young (4096K), 2 survivors (4096K)
 Metaspace       used 31233K, committed 31744K, reserved 1114112K
  class space    used 3465K, committed 3712K, reserved 1048576K
}
Event: 6.955 GC heap before
{Heap before GC invocations=8 (full 0):
 garbage-first heap   total 104448K, used 86400K [0x0000000700e00000, 0x0000000800000000)
  region size 2048K, 22 young (45056K), 2 survivors (4096K)
 Metaspace       used 33269K, committed 33792K, reserved 1114112K
  class space    used 3721K, committed 3968K, reserved 1048576K
}
Event: 6.968 GC heap after
{Heap after GC invocations=9 (full 0):
 garbage-first heap   total 104448K, used 59392K [0x0000000700e00000, 0x0000000800000000)
  region size 2048K, 3 young (6144K), 3 survivors (6144K)
 Metaspace       used 33269K, committed 33792K, reserved 1114112K
  class space    used 3721K, committed 3968K, reserved 1048576K
}
Event: 7.193 GC heap before
{Heap before GC invocations=9 (full 0):
 garbage-first heap   total 104448K, used 86016K [0x0000000700e00000, 0x0000000800000000)
  region size 2048K, 16 young (32768K), 3 survivors (6144K)
 Metaspace       used 33284K, committed 33856K, reserved 1114112K
  class space    used 3721K, committed 3968K, reserved 1048576K
}
Event: 7.200 GC heap after
{Heap after GC invocations=10 (full 0):
 garbage-first heap   total 104448K, used 69632K [0x0000000700e00000, 0x0000000800000000)
  region size 2048K, 2 young (4096K), 2 survivors (4096K)
 Metaspace       used 33284K, committed 33856K, reserved 1114112K
  class space    used 3721K, committed 3968K, reserved 1048576K
}
Event: 7.464 GC heap before
{Heap before GC invocations=11 (full 0):
 garbage-first heap   total 120832K, used 88064K [0x0000000700e00000, 0x0000000800000000)
  region size 2048K, 11 young (22528K), 2 survivors (4096K)
 Metaspace       used 33306K, committed 33856K, reserved 1114112K
  class space    used 3721K, committed 3968K, reserved 1048576K
}
Event: 7.471 GC heap after
{Heap after GC invocations=12 (full 0):
 garbage-first heap   total 145408K, used 75308K [0x0000000700e00000, 0x0000000800000000)
  region size 2048K, 2 young (4096K), 2 survivors (4096K)
 Metaspace       used 33306K, committed 33856K, reserved 1114112K
  class space    used 3721K, committed 3968K, reserved 1048576K
}

